<?xml version="1.0" encoding="UTF-8"?>
<coverage generated="1447720941">
  <project timestamp="1447720941">
    <package name="Ree\Models">
      <file name="/home/ubuntu/workspace/app/Models/Answer.php">
        <class name="Answer" namespace="Ree\Models">
          <metrics methods="0" coveredmethods="0" conditionals="0" coveredconditionals="0" statements="0" coveredstatements="0" elements="0" coveredelements="0"/>
        </class>
        <metrics loc="10" ncloc="8" classes="1" methods="0" coveredmethods="0" conditionals="0" coveredconditionals="0" statements="0" coveredstatements="0" elements="0" coveredelements="0"/>
      </file>
      <file name="/home/ubuntu/workspace/app/Models/Comment.php">
        <class name="Comment" namespace="Ree\Models">
          <metrics methods="0" coveredmethods="0" conditionals="0" coveredconditionals="0" statements="0" coveredstatements="0" elements="0" coveredelements="0"/>
        </class>
        <metrics loc="10" ncloc="8" classes="1" methods="0" coveredmethods="0" conditionals="0" coveredconditionals="0" statements="0" coveredstatements="0" elements="0" coveredelements="0"/>
      </file>
      <file name="/home/ubuntu/workspace/app/Models/Question.php">
        <class name="Question" namespace="Ree\Models">
          <metrics methods="7" coveredmethods="2" conditionals="0" coveredconditionals="0" statements="23" coveredstatements="6" elements="30" coveredelements="8"/>
        </class>
        <line num="16" type="method" name="owner" crap="1" count="1"/>
        <line num="17" type="stmt" count="1"/>
        <line num="26" type="method" name="pushAnswer" crap="2.03" count="1"/>
        <line num="27" type="stmt" count="1"/>
        <line num="28" type="stmt" count="1"/>
        <line num="29" type="stmt" count="0"/>
        <line num="33" type="stmt" count="1"/>
        <line num="35" type="stmt" count="1"/>
        <line num="43" type="method" name="pushComment" crap="6" count="0"/>
        <line num="44" type="stmt" count="0"/>
        <line num="45" type="stmt" count="0"/>
        <line num="46" type="stmt" count="0"/>
        <line num="50" type="stmt" count="0"/>
        <line num="52" type="stmt" count="0"/>
        <line num="59" type="method" name="comments" crap="2" count="0"/>
        <line num="60" type="stmt" count="0"/>
        <line num="68" type="method" name="answers" crap="1" count="2"/>
        <line num="69" type="stmt" count="2"/>
        <line num="78" type="method" name="voteUp" crap="6" count="0"/>
        <line num="79" type="stmt" count="0"/>
        <line num="80" type="stmt" count="0"/>
        <line num="81" type="stmt" count="0"/>
        <line num="84" type="stmt" count="0"/>
        <line num="85" type="stmt" count="0"/>
        <line num="93" type="method" name="voteDown" crap="6" count="0"/>
        <line num="94" type="stmt" count="0"/>
        <line num="95" type="stmt" count="0"/>
        <line num="96" type="stmt" count="0"/>
        <line num="99" type="stmt" count="0"/>
        <line num="100" type="stmt" count="0"/>
        <metrics loc="102" ncloc="56" classes="1" methods="7" coveredmethods="2" conditionals="0" coveredconditionals="0" statements="23" coveredstatements="6" elements="30" coveredelements="8"/>
      </file>
      <file name="/home/ubuntu/workspace/app/Models/Tag.php">
        <class name="Tag" namespace="Ree\Models">
          <metrics methods="0" coveredmethods="0" conditionals="0" coveredconditionals="0" statements="0" coveredstatements="0" elements="0" coveredelements="0"/>
        </class>
        <metrics loc="10" ncloc="8" classes="1" methods="0" coveredmethods="0" conditionals="0" coveredconditionals="0" statements="0" coveredstatements="0" elements="0" coveredelements="0"/>
      </file>
      <file name="/home/ubuntu/workspace/app/Models/User.php">
        <class name="User" namespace="Ree\Models">
          <metrics methods="5" coveredmethods="3" conditionals="0" coveredconditionals="0" statements="9" coveredstatements="7" elements="14" coveredelements="10"/>
        </class>
        <line num="34" type="method" name="boot" crap="2" count="3"/>
        <line num="36" type="stmt" count="3"/>
        <line num="38" type="method" name="anonymous function" crap="2" count="3"/>
        <line num="39" type="stmt" count="2"/>
        <line num="40" type="stmt" count="2"/>
        <line num="41" type="stmt" count="2"/>
        <line num="42" type="stmt" count="3"/>
        <line num="43" type="stmt" count="3"/>
        <line num="50" type="method" name="getAvatarUrl" crap="1" count="1"/>
        <line num="52" type="stmt" count="1"/>
        <line num="53" type="stmt" count="1"/>
        <line num="61" type="method" name="questions" crap="2" count="0"/>
        <line num="62" type="stmt" count="0"/>
        <line num="70" type="method" name="answers" crap="2" count="0"/>
        <line num="71" type="stmt" count="0"/>
        <metrics loc="73" ncloc="48" classes="1" methods="5" coveredmethods="3" conditionals="0" coveredconditionals="0" statements="10" coveredstatements="8" elements="15" coveredelements="11"/>
      </file>
    </package>
    <metrics files="5" loc="205" ncloc="128" classes="5" methods="12" coveredmethods="5" conditionals="0" coveredconditionals="0" statements="33" coveredstatements="14" elements="45" coveredelements="19"/>
  </project>
</coverage>
